<?xml version="1.0" encoding="UTF-8"?>
<!-- Generated by org.testng.reporters.JUnitXMLReporter -->
<testsuite ignored="1" hostname="HYDPCM346015L" failures="0" tests="3" name="HomePageTest" time="48.367" errors="0" timestamp="2022-09-24T01:20:43 IST">
  <testcase classname="com.guru.TestCases.HomePageTest" name="ValidateHomePageTitleTest" time="0.025"/>
  <testcase classname="com.guru.TestCases.HomePageTest" name="validateHomePageWelcomeLabel" time="0.083"/>
  <testcase classname="com.guru.TestCases.HomePageTest" name="clickOnNewCustomerTest" time="0.161"/>
  <testcase classname="com.guru.TestCases.HomePageTest" name="clickOnEditCustomerTest" time="0.0">
    <ignored/>
  </testcase> <!-- clickOnEditCustomerTest -->
</testsuite> <!-- HomePageTest -->
