<?xml version="1.0" encoding="UTF-8"?>
<!-- Generated by org.testng.reporters.JUnitXMLReporter -->
<testsuite ignored="0" hostname="HYDPCM346015L" failures="0" tests="4" name="loginTest" time="52.497" errors="0" timestamp="2022-09-24T01:19:52 IST">
  <testcase classname="com.guru.TestCases.LoginPageTest" name="ValidateTitleTest" time="0.04"/>
  <testcase classname="com.guru.TestCases.LoginPageTest" name="ValidateLoginLogoTest" time="0.12"/>
  <testcase classname="com.guru.TestCases.LoginPageTest" name="ValidateLoginLabelTest" time="0.126"/>
  <testcase classname="com.guru.TestCases.LoginPageTest" name="login" time="4.322"/>
</testsuite> <!-- loginTest -->
