<?xml version="1.0" encoding="UTF-8"?>
<!-- Generated by org.testng.reporters.JUnitXMLReporter -->
<testsuite ignored="0" hostname="HYDPCM346015L" failures="0" tests="4" name="Default test" time="66.739" errors="0" timestamp="2022-09-23T20:25:58 IST">
  <testcase classname="com.guru.TestCases.LoginPageTest" name="ValidateTitleTest" time="0.023"/>
  <testcase classname="com.guru.TestCases.LoginPageTest" name="ValidateLoginLogoTest" time="0.082"/>
  <testcase classname="com.guru.TestCases.LoginPageTest" name="ValidateLoginLabelTest" time="0.051"/>
  <testcase classname="com.guru.TestCases.LoginPageTest" name="login" time="4.842"/>
</testsuite> <!-- Default test -->
