<?xml version="1.0" encoding="UTF-8"?>
<testng-results ignored="1" total="8" passed="7" failed="0" skipped="0">
  <reporter-output>
  </reporter-output>
  <suite started-at="2022-09-24T01:19:00 IST" name="Guru99AutomationSuit" finished-at="2022-09-24T01:20:41 IST" duration-ms="101619">
    <groups>
    </groups>
    <test started-at="2022-09-24T01:19:00 IST" name="loginTest" finished-at="2022-09-24T01:19:52 IST" duration-ms="52497">
      <class name="com.guru.TestCases.LoginPageTest">
        <test-method is-config="true" signature="setUp()[pri:0, instance:com.guru.TestCases.LoginPageTest@3e11f9e9]" started-at="2022-09-24T01:19:00 IST" name="setUp" finished-at="2022-09-24T01:19:16 IST" duration-ms="16082" status="PASS">
          <reporter-output>
          </reporter-output>
        </test-method> <!-- setUp -->
        <test-method signature="ValidateTitleTest()[pri:1, instance:com.guru.TestCases.LoginPageTest@3e11f9e9]" started-at="2022-09-24T01:19:16 IST" name="ValidateTitleTest" finished-at="2022-09-24T01:19:16 IST" duration-ms="40" status="PASS">
          <reporter-output>
          </reporter-output>
        </test-method> <!-- ValidateTitleTest -->
        <test-method is-config="true" signature="tearUp()[pri:0, instance:com.guru.TestCases.LoginPageTest@3e11f9e9]" started-at="2022-09-24T01:19:17 IST" name="tearUp" finished-at="2022-09-24T01:19:17 IST" duration-ms="508" status="PASS">
          <reporter-output>
          </reporter-output>
        </test-method> <!-- tearUp -->
        <test-method is-config="true" signature="setUp()[pri:0, instance:com.guru.TestCases.LoginPageTest@3e11f9e9]" started-at="2022-09-24T01:19:17 IST" name="setUp" finished-at="2022-09-24T01:19:26 IST" duration-ms="9167" status="PASS">
          <reporter-output>
          </reporter-output>
        </test-method> <!-- setUp -->
        <test-method signature="ValidateLoginLogoTest()[pri:2, instance:com.guru.TestCases.LoginPageTest@3e11f9e9]" started-at="2022-09-24T01:19:26 IST" name="ValidateLoginLogoTest" finished-at="2022-09-24T01:19:26 IST" duration-ms="120" status="PASS">
          <reporter-output>
          </reporter-output>
        </test-method> <!-- ValidateLoginLogoTest -->
        <test-method is-config="true" signature="tearUp()[pri:0, instance:com.guru.TestCases.LoginPageTest@3e11f9e9]" started-at="2022-09-24T01:19:26 IST" name="tearUp" finished-at="2022-09-24T01:19:27 IST" duration-ms="470" status="PASS">
          <reporter-output>
          </reporter-output>
        </test-method> <!-- tearUp -->
        <test-method is-config="true" signature="setUp()[pri:0, instance:com.guru.TestCases.LoginPageTest@3e11f9e9]" started-at="2022-09-24T01:19:27 IST" name="setUp" finished-at="2022-09-24T01:19:35 IST" duration-ms="8432" status="PASS">
          <reporter-output>
          </reporter-output>
        </test-method> <!-- setUp -->
        <test-method signature="ValidateLoginLabelTest()[pri:3, instance:com.guru.TestCases.LoginPageTest@3e11f9e9]" started-at="2022-09-24T01:19:35 IST" name="ValidateLoginLabelTest" finished-at="2022-09-24T01:19:35 IST" duration-ms="126" status="PASS">
          <reporter-output>
          </reporter-output>
        </test-method> <!-- ValidateLoginLabelTest -->
        <test-method is-config="true" signature="tearUp()[pri:0, instance:com.guru.TestCases.LoginPageTest@3e11f9e9]" started-at="2022-09-24T01:19:35 IST" name="tearUp" finished-at="2022-09-24T01:19:36 IST" duration-ms="445" status="PASS">
          <reporter-output>
          </reporter-output>
        </test-method> <!-- tearUp -->
        <test-method is-config="true" signature="setUp()[pri:0, instance:com.guru.TestCases.LoginPageTest@3e11f9e9]" started-at="2022-09-24T01:19:36 IST" name="setUp" finished-at="2022-09-24T01:19:47 IST" duration-ms="11554" status="PASS">
          <reporter-output>
          </reporter-output>
        </test-method> <!-- setUp -->
        <test-method signature="login()[pri:4, instance:com.guru.TestCases.LoginPageTest@3e11f9e9]" started-at="2022-09-24T01:19:47 IST" name="login" finished-at="2022-09-24T01:19:52 IST" duration-ms="4322" status="PASS">
          <reporter-output>
          </reporter-output>
        </test-method> <!-- login -->
        <test-method is-config="true" signature="tearUp()[pri:0, instance:com.guru.TestCases.LoginPageTest@3e11f9e9]" started-at="2022-09-24T01:19:52 IST" name="tearUp" finished-at="2022-09-24T01:19:52 IST" duration-ms="574" status="PASS">
          <reporter-output>
          </reporter-output>
        </test-method> <!-- tearUp -->
      </class> <!-- com.guru.TestCases.LoginPageTest -->
    </test> <!-- loginTest -->
    <test started-at="2022-09-24T01:19:53 IST" name="HomePageTest" finished-at="2022-09-24T01:20:41 IST" duration-ms="48367">
      <class name="com.guru.TestCases.HomePageTest">
        <test-method is-config="true" signature="setUp()[pri:0, instance:com.guru.TestCases.HomePageTest@298a5e20]" started-at="2022-09-24T01:19:53 IST" name="setUp" finished-at="2022-09-24T01:20:09 IST" duration-ms="15713" status="PASS">
          <reporter-output>
          </reporter-output>
        </test-method> <!-- setUp -->
        <test-method signature="ValidateHomePageTitleTest()[pri:1, instance:com.guru.TestCases.HomePageTest@298a5e20]" started-at="2022-09-24T01:20:09 IST" name="ValidateHomePageTitleTest" finished-at="2022-09-24T01:20:09 IST" duration-ms="25" status="PASS">
          <reporter-output>
          </reporter-output>
        </test-method> <!-- ValidateHomePageTitleTest -->
        <test-method is-config="true" signature="tearUp()[pri:0, instance:com.guru.TestCases.HomePageTest@298a5e20]" started-at="2022-09-24T01:20:09 IST" name="tearUp" finished-at="2022-09-24T01:20:09 IST" duration-ms="572" status="PASS">
          <reporter-output>
          </reporter-output>
        </test-method> <!-- tearUp -->
        <test-method is-config="true" signature="setUp()[pri:0, instance:com.guru.TestCases.HomePageTest@298a5e20]" started-at="2022-09-24T01:20:09 IST" name="setUp" finished-at="2022-09-24T01:20:22 IST" duration-ms="12887" status="PASS">
          <reporter-output>
          </reporter-output>
        </test-method> <!-- setUp -->
        <test-method signature="validateHomePageWelcomeLabel()[pri:2, instance:com.guru.TestCases.HomePageTest@298a5e20]" started-at="2022-09-24T01:20:22 IST" name="validateHomePageWelcomeLabel" finished-at="2022-09-24T01:20:22 IST" duration-ms="83" status="PASS">
          <reporter-output>
          </reporter-output>
        </test-method> <!-- validateHomePageWelcomeLabel -->
        <test-method is-config="true" signature="tearUp()[pri:0, instance:com.guru.TestCases.HomePageTest@298a5e20]" started-at="2022-09-24T01:20:22 IST" name="tearUp" finished-at="2022-09-24T01:20:23 IST" duration-ms="557" status="PASS">
          <reporter-output>
          </reporter-output>
        </test-method> <!-- tearUp -->
        <test-method is-config="true" signature="setUp()[pri:0, instance:com.guru.TestCases.HomePageTest@298a5e20]" started-at="2022-09-24T01:20:23 IST" name="setUp" finished-at="2022-09-24T01:20:41 IST" duration-ms="17816" status="PASS">
          <reporter-output>
          </reporter-output>
        </test-method> <!-- setUp -->
        <test-method signature="clickOnNewCustomerTest()[pri:3, instance:com.guru.TestCases.HomePageTest@298a5e20]" started-at="2022-09-24T01:20:41 IST" name="clickOnNewCustomerTest" finished-at="2022-09-24T01:20:41 IST" duration-ms="161" status="PASS">
          <reporter-output>
          </reporter-output>
        </test-method> <!-- clickOnNewCustomerTest -->
        <test-method is-config="true" signature="tearUp()[pri:0, instance:com.guru.TestCases.HomePageTest@298a5e20]" started-at="2022-09-24T01:20:41 IST" name="tearUp" finished-at="2022-09-24T01:20:41 IST" duration-ms="526" status="PASS">
          <reporter-output>
          </reporter-output>
        </test-method> <!-- tearUp -->
      </class> <!-- com.guru.TestCases.HomePageTest -->
    </test> <!-- HomePageTest -->
  </suite> <!-- Guru99AutomationSuit -->
</testng-results>
